  graphics.cpp
  main.cpp
C:\Users\k002480\Desktop\of_v0.9.8_vs_release\libs\openFrameworks\math\ofMatrix4x4.h(320): warning C4267: 'argument': conversion from 'size_t' to 'int', possible loss of data (compiling source file src\main.cpp)
C:\Users\k002480\Desktop\of_v0.9.8_vs_release\libs\openFrameworks\math\ofMatrix4x4.h(320): warning C4267: 'argument': conversion from 'size_t' to 'int', possible loss of data (compiling source file src\graphics.cpp)
C:\Users\k002480\Desktop\of_v0.9.8_vs_release\libs\openFrameworks\math\ofMatrix4x4.h(325): warning C4267: 'argument': conversion from 'size_t' to 'int', possible loss of data (compiling source file src\main.cpp)
C:\Users\k002480\Desktop\of_v0.9.8_vs_release\libs\openFrameworks\math\ofMatrix4x4.h(325): warning C4267: 'argument': conversion from 'size_t' to 'int', possible loss of data (compiling source file src\graphics.cpp)
C:\Users\k002480\Desktop\of_v0.9.8_vs_release\libs\openFrameworks\math\ofMatrix4x4.h(969): warning C4267: 'argument': conversion from 'size_t' to 'int', possible loss of data (compiling source file src\graphics.cpp)
C:\Users\k002480\Desktop\of_v0.9.8_vs_release\libs\openFrameworks\math\ofMatrix4x4.h(969): warning C4267: 'argument': conversion from 'size_t' to 'int', possible loss of data (compiling source file src\main.cpp)
C:\Users\k002480\Desktop\of_v0.9.8_vs_release\libs\openFrameworks\math\ofMatrix4x4.h(970): warning C4267: 'argument': conversion from 'size_t' to 'int', possible loss of data (compiling source file src\graphics.cpp)
C:\Users\k002480\Desktop\of_v0.9.8_vs_release\libs\openFrameworks\math\ofMatrix4x4.h(970): warning C4267: 'argument': conversion from 'size_t' to 'int', possible loss of data (compiling source file src\main.cpp)
C:\Users\k002480\Desktop\of_v0.9.8_vs_release\libs\openFrameworks\math\ofMatrix4x4.h(971): warning C4267: 'argument': conversion from 'size_t' to 'int', possible loss of data (compiling source file src\graphics.cpp)
C:\Users\k002480\Desktop\of_v0.9.8_vs_release\libs\openFrameworks\math\ofMatrix4x4.h(971): warning C4267: 'argument': conversion from 'size_t' to 'int', possible loss of data (compiling source file src\main.cpp)
C:\Users\k002480\Desktop\of_v0.9.8_vs_release\libs\openFrameworks\math\ofMatrix4x4.h(972): warning C4267: 'argument': conversion from 'size_t' to 'int', possible loss of data (compiling source file src\graphics.cpp)
C:\Users\k002480\Desktop\of_v0.9.8_vs_release\libs\openFrameworks\math\ofMatrix4x4.h(972): warning C4267: 'argument': conversion from 'size_t' to 'int', possible loss of data (compiling source file src\main.cpp)
  ofApp.cpp
  ofxCvImage.cpp
C:\Users\k002480\Desktop\of_v0.9.8_vs_release\libs\openFrameworks\math\ofMatrix4x4.h(320): warning C4267: 'argument': conversion from 'size_t' to 'int', possible loss of data (compiling source file src\ofApp.cpp)
C:\Users\k002480\Desktop\of_v0.9.8_vs_release\libs\openFrameworks\math\ofMatrix4x4.h(325): warning C4267: 'argument': conversion from 'size_t' to 'int', possible loss of data (compiling source file src\ofApp.cpp)
C:\Users\k002480\Desktop\of_v0.9.8_vs_release\libs\openFrameworks\math\ofMatrix4x4.h(969): warning C4267: 'argument': conversion from 'size_t' to 'int', possible loss of data (compiling source file src\ofApp.cpp)
C:\Users\k002480\Desktop\of_v0.9.8_vs_release\libs\openFrameworks\math\ofMatrix4x4.h(970): warning C4267: 'argument': conversion from 'size_t' to 'int', possible loss of data (compiling source file src\ofApp.cpp)
C:\Users\k002480\Desktop\of_v0.9.8_vs_release\libs\openFrameworks\math\ofMatrix4x4.h(971): warning C4267: 'argument': conversion from 'size_t' to 'int', possible loss of data (compiling source file src\ofApp.cpp)
C:\Users\k002480\Desktop\of_v0.9.8_vs_release\libs\openFrameworks\math\ofMatrix4x4.h(972): warning C4267: 'argument': conversion from 'size_t' to 'int', possible loss of data (compiling source file src\ofApp.cpp)
C:\Users\k002480\Desktop\of_v0.9.8_vs_release\libs\openFrameworks\math\ofMatrix4x4.h(320): warning C4267: 'argument': conversion from 'size_t' to 'int', possible loss of data (compiling source file ..\..\..\addons\ofxOpenCv\src\ofxCvImage.cpp)
C:\Users\k002480\Desktop\of_v0.9.8_vs_release\libs\openFrameworks\math\ofMatrix4x4.h(325): warning C4267: 'argument': conversion from 'size_t' to 'int', possible loss of data (compiling source file ..\..\..\addons\ofxOpenCv\src\ofxCvImage.cpp)
C:\Users\k002480\Desktop\of_v0.9.8_vs_release\libs\openFrameworks\math\ofMatrix4x4.h(969): warning C4267: 'argument': conversion from 'size_t' to 'int', possible loss of data (compiling source file ..\..\..\addons\ofxOpenCv\src\ofxCvImage.cpp)
C:\Users\k002480\Desktop\of_v0.9.8_vs_release\libs\openFrameworks\math\ofMatrix4x4.h(970): warning C4267: 'argument': conversion from 'size_t' to 'int', possible loss of data (compiling source file ..\..\..\addons\ofxOpenCv\src\ofxCvImage.cpp)
C:\Users\k002480\Desktop\of_v0.9.8_vs_release\libs\openFrameworks\math\ofMatrix4x4.h(971): warning C4267: 'argument': conversion from 'size_t' to 'int', possible loss of data (compiling source file ..\..\..\addons\ofxOpenCv\src\ofxCvImage.cpp)
C:\Users\k002480\Desktop\of_v0.9.8_vs_release\libs\openFrameworks\math\ofMatrix4x4.h(972): warning C4267: 'argument': conversion from 'size_t' to 'int', possible loss of data (compiling source file ..\..\..\addons\ofxOpenCv\src\ofxCvImage.cpp)
..\..\..\addons\ofxOpenCv\src\ofxCvImage.cpp(841): warning C4267: 'argument': conversion from 'size_t' to 'int', possible loss of data
..\..\..\addons\ofxOpenCv\src\ofxCvImage.cpp(846): warning C4267: 'argument': conversion from 'size_t' to 'int', possible loss of data
  ofxCvGrayscaleImage.cpp
  ofxCvShortImage.cpp
C:\Users\k002480\Desktop\of_v0.9.8_vs_release\libs\openFrameworks\math\ofMatrix4x4.h(320): warning C4267: 'argument': conversion from 'size_t' to 'int', possible loss of data (compiling source file ..\..\..\addons\ofxOpenCv\src\ofxCvGrayscaleImage.cpp)
C:\Users\k002480\Desktop\of_v0.9.8_vs_release\libs\openFrameworks\math\ofMatrix4x4.h(325): warning C4267: 'argument': conversion from 'size_t' to 'int', possible loss of data (compiling source file ..\..\..\addons\ofxOpenCv\src\ofxCvGrayscaleImage.cpp)
C:\Users\k002480\Desktop\of_v0.9.8_vs_release\libs\openFrameworks\math\ofMatrix4x4.h(969): warning C4267: 'argument': conversion from 'size_t' to 'int', possible loss of data (compiling source file ..\..\..\addons\ofxOpenCv\src\ofxCvGrayscaleImage.cpp)
C:\Users\k002480\Desktop\of_v0.9.8_vs_release\libs\openFrameworks\math\ofMatrix4x4.h(970): warning C4267: 'argument': conversion from 'size_t' to 'int', possible loss of data (compiling source file ..\..\..\addons\ofxOpenCv\src\ofxCvGrayscaleImage.cpp)
C:\Users\k002480\Desktop\of_v0.9.8_vs_release\libs\openFrameworks\math\ofMatrix4x4.h(971): warning C4267: 'argument': conversion from 'size_t' to 'int', possible loss of data (compiling source file ..\..\..\addons\ofxOpenCv\src\ofxCvGrayscaleImage.cpp)
C:\Users\k002480\Desktop\of_v0.9.8_vs_release\libs\openFrameworks\math\ofMatrix4x4.h(972): warning C4267: 'argument': conversion from 'size_t' to 'int', possible loss of data (compiling source file ..\..\..\addons\ofxOpenCv\src\ofxCvGrayscaleImage.cpp)
C:\Users\k002480\Desktop\of_v0.9.8_vs_release\libs\openFrameworks\math\ofMatrix4x4.h(320): warning C4267: 'argument': conversion from 'size_t' to 'int', possible loss of data (compiling source file ..\..\..\addons\ofxOpenCv\src\ofxCvShortImage.cpp)
C:\Users\k002480\Desktop\of_v0.9.8_vs_release\libs\openFrameworks\math\ofMatrix4x4.h(325): warning C4267: 'argument': conversion from 'size_t' to 'int', possible loss of data (compiling source file ..\..\..\addons\ofxOpenCv\src\ofxCvShortImage.cpp)
C:\Users\k002480\Desktop\of_v0.9.8_vs_release\libs\openFrameworks\math\ofMatrix4x4.h(969): warning C4267: 'argument': conversion from 'size_t' to 'int', possible loss of data (compiling source file ..\..\..\addons\ofxOpenCv\src\ofxCvShortImage.cpp)
C:\Users\k002480\Desktop\of_v0.9.8_vs_release\libs\openFrameworks\math\ofMatrix4x4.h(970): warning C4267: 'argument': conversion from 'size_t' to 'int', possible loss of data (compiling source file ..\..\..\addons\ofxOpenCv\src\ofxCvShortImage.cpp)
C:\Users\k002480\Desktop\of_v0.9.8_vs_release\libs\openFrameworks\math\ofMatrix4x4.h(971): warning C4267: 'argument': conversion from 'size_t' to 'int', possible loss of data (compiling source file ..\..\..\addons\ofxOpenCv\src\ofxCvShortImage.cpp)
C:\Users\k002480\Desktop\of_v0.9.8_vs_release\libs\openFrameworks\math\ofMatrix4x4.h(972): warning C4267: 'argument': conversion from 'size_t' to 'int', possible loss of data (compiling source file ..\..\..\addons\ofxOpenCv\src\ofxCvShortImage.cpp)
  ofxCvFloatImage.cpp
  ofxCvHaarFinder.cpp
C:\Users\k002480\Desktop\of_v0.9.8_vs_release\libs\openFrameworks\math\ofMatrix4x4.h(320): warning C4267: 'argument': conversion from 'size_t' to 'int', possible loss of data (compiling source file ..\..\..\addons\ofxOpenCv\src\ofxCvFloatImage.cpp)
C:\Users\k002480\Desktop\of_v0.9.8_vs_release\libs\openFrameworks\math\ofMatrix4x4.h(325): warning C4267: 'argument': conversion from 'size_t' to 'int', possible loss of data (compiling source file ..\..\..\addons\ofxOpenCv\src\ofxCvFloatImage.cpp)
C:\Users\k002480\Desktop\of_v0.9.8_vs_release\libs\openFrameworks\math\ofMatrix4x4.h(969): warning C4267: 'argument': conversion from 'size_t' to 'int', possible loss of data (compiling source file ..\..\..\addons\ofxOpenCv\src\ofxCvFloatImage.cpp)
C:\Users\k002480\Desktop\of_v0.9.8_vs_release\libs\openFrameworks\math\ofMatrix4x4.h(970): warning C4267: 'argument': conversion from 'size_t' to 'int', possible loss of data (compiling source file ..\..\..\addons\ofxOpenCv\src\ofxCvFloatImage.cpp)
C:\Users\k002480\Desktop\of_v0.9.8_vs_release\libs\openFrameworks\math\ofMatrix4x4.h(971): warning C4267: 'argument': conversion from 'size_t' to 'int', possible loss of data (compiling source file ..\..\..\addons\ofxOpenCv\src\ofxCvFloatImage.cpp)
C:\Users\k002480\Desktop\of_v0.9.8_vs_release\libs\openFrameworks\math\ofMatrix4x4.h(972): warning C4267: 'argument': conversion from 'size_t' to 'int', possible loss of data (compiling source file ..\..\..\addons\ofxOpenCv\src\ofxCvFloatImage.cpp)
C:\Users\k002480\Desktop\of_v0.9.8_vs_release\libs\openFrameworks\math\ofMatrix4x4.h(320): warning C4267: 'argument': conversion from 'size_t' to 'int', possible loss of data (compiling source file ..\..\..\addons\ofxOpenCv\src\ofxCvHaarFinder.cpp)
C:\Users\k002480\Desktop\of_v0.9.8_vs_release\libs\openFrameworks\math\ofMatrix4x4.h(325): warning C4267: 'argument': conversion from 'size_t' to 'int', possible loss of data (compiling source file ..\..\..\addons\ofxOpenCv\src\ofxCvHaarFinder.cpp)
C:\Users\k002480\Desktop\of_v0.9.8_vs_release\libs\openFrameworks\math\ofMatrix4x4.h(969): warning C4267: 'argument': conversion from 'size_t' to 'int', possible loss of data (compiling source file ..\..\..\addons\ofxOpenCv\src\ofxCvHaarFinder.cpp)
C:\Users\k002480\Desktop\of_v0.9.8_vs_release\libs\openFrameworks\math\ofMatrix4x4.h(970): warning C4267: 'argument': conversion from 'size_t' to 'int', possible loss of data (compiling source file ..\..\..\addons\ofxOpenCv\src\ofxCvHaarFinder.cpp)
C:\Users\k002480\Desktop\of_v0.9.8_vs_release\libs\openFrameworks\math\ofMatrix4x4.h(971): warning C4267: 'argument': conversion from 'size_t' to 'int', possible loss of data (compiling source file ..\..\..\addons\ofxOpenCv\src\ofxCvHaarFinder.cpp)
C:\Users\k002480\Desktop\of_v0.9.8_vs_release\libs\openFrameworks\math\ofMatrix4x4.h(972): warning C4267: 'argument': conversion from 'size_t' to 'int', possible loss of data (compiling source file ..\..\..\addons\ofxOpenCv\src\ofxCvHaarFinder.cpp)
  ofxCvColorImage.cpp
..\..\..\addons\ofxOpenCv\src\ofxCvHaarFinder.cpp(105): warning C4267: 'argument': conversion from 'size_t' to 'int', possible loss of data
..\..\..\addons\ofxOpenCv\src\ofxCvHaarFinder.cpp(110): warning C4267: 'argument': conversion from 'size_t' to 'int', possible loss of data
C:\Users\k002480\Desktop\of_v0.9.8_vs_release\libs\openFrameworks\math\ofMatrix4x4.h(320): warning C4267: 'argument': conversion from 'size_t' to 'int', possible loss of data (compiling source file ..\..\..\addons\ofxOpenCv\src\ofxCvColorImage.cpp)
C:\Users\k002480\Desktop\of_v0.9.8_vs_release\libs\openFrameworks\math\ofMatrix4x4.h(325): warning C4267: 'argument': conversion from 'size_t' to 'int', possible loss of data (compiling source file ..\..\..\addons\ofxOpenCv\src\ofxCvColorImage.cpp)
C:\Users\k002480\Desktop\of_v0.9.8_vs_release\libs\openFrameworks\math\ofMatrix4x4.h(969): warning C4267: 'argument': conversion from 'size_t' to 'int', possible loss of data (compiling source file ..\..\..\addons\ofxOpenCv\src\ofxCvColorImage.cpp)
C:\Users\k002480\Desktop\of_v0.9.8_vs_release\libs\openFrameworks\math\ofMatrix4x4.h(970): warning C4267: 'argument': conversion from 'size_t' to 'int', possible loss of data (compiling source file ..\..\..\addons\ofxOpenCv\src\ofxCvColorImage.cpp)
C:\Users\k002480\Desktop\of_v0.9.8_vs_release\libs\openFrameworks\math\ofMatrix4x4.h(971): warning C4267: 'argument': conversion from 'size_t' to 'int', possible loss of data (compiling source file ..\..\..\addons\ofxOpenCv\src\ofxCvColorImage.cpp)
C:\Users\k002480\Desktop\of_v0.9.8_vs_release\libs\openFrameworks\math\ofMatrix4x4.h(972): warning C4267: 'argument': conversion from 'size_t' to 'int', possible loss of data (compiling source file ..\..\..\addons\ofxOpenCv\src\ofxCvColorImage.cpp)
  ofxCvContourFinder.cpp
C:\Users\k002480\Desktop\of_v0.9.8_vs_release\libs\openFrameworks\math\ofMatrix4x4.h(320): warning C4267: 'argument': conversion from 'size_t' to 'int', possible loss of data (compiling source file ..\..\..\addons\ofxOpenCv\src\ofxCvContourFinder.cpp)
C:\Users\k002480\Desktop\of_v0.9.8_vs_release\libs\openFrameworks\math\ofMatrix4x4.h(325): warning C4267: 'argument': conversion from 'size_t' to 'int', possible loss of data (compiling source file ..\..\..\addons\ofxOpenCv\src\ofxCvContourFinder.cpp)
C:\Users\k002480\Desktop\of_v0.9.8_vs_release\libs\openFrameworks\math\ofMatrix4x4.h(969): warning C4267: 'argument': conversion from 'size_t' to 'int', possible loss of data (compiling source file ..\..\..\addons\ofxOpenCv\src\ofxCvContourFinder.cpp)
C:\Users\k002480\Desktop\of_v0.9.8_vs_release\libs\openFrameworks\math\ofMatrix4x4.h(970): warning C4267: 'argument': conversion from 'size_t' to 'int', possible loss of data (compiling source file ..\..\..\addons\ofxOpenCv\src\ofxCvContourFinder.cpp)
C:\Users\k002480\Desktop\of_v0.9.8_vs_release\libs\openFrameworks\math\ofMatrix4x4.h(971): warning C4267: 'argument': conversion from 'size_t' to 'int', possible loss of data (compiling source file ..\..\..\addons\ofxOpenCv\src\ofxCvContourFinder.cpp)
C:\Users\k002480\Desktop\of_v0.9.8_vs_release\libs\openFrameworks\math\ofMatrix4x4.h(972): warning C4267: 'argument': conversion from 'size_t' to 'int', possible loss of data (compiling source file ..\..\..\addons\ofxOpenCv\src\ofxCvContourFinder.cpp)
  vision.cpp
..\..\..\addons\ofxOpenCv\src\ofxCvContourFinder.cpp(142): warning C4267: '=': conversion from 'size_t' to 'int', possible loss of data
..\..\..\addons\ofxOpenCv\src\ofxCvContourFinder.cpp(146): warning C4267: '=': conversion from 'size_t' to 'int', possible loss of data
C:\Users\k002480\Desktop\of_v0.9.8_vs_release\libs\openFrameworks\math\ofMatrix4x4.h(320): warning C4267: 'argument': conversion from 'size_t' to 'int', possible loss of data (compiling source file src\vision.cpp)
C:\Users\k002480\Desktop\of_v0.9.8_vs_release\libs\openFrameworks\math\ofMatrix4x4.h(325): warning C4267: 'argument': conversion from 'size_t' to 'int', possible loss of data (compiling source file src\vision.cpp)
C:\Users\k002480\Desktop\of_v0.9.8_vs_release\libs\openFrameworks\math\ofMatrix4x4.h(969): warning C4267: 'argument': conversion from 'size_t' to 'int', possible loss of data (compiling source file src\vision.cpp)
C:\Users\k002480\Desktop\of_v0.9.8_vs_release\libs\openFrameworks\math\ofMatrix4x4.h(970): warning C4267: 'argument': conversion from 'size_t' to 'int', possible loss of data (compiling source file src\vision.cpp)
C:\Users\k002480\Desktop\of_v0.9.8_vs_release\libs\openFrameworks\math\ofMatrix4x4.h(971): warning C4267: 'argument': conversion from 'size_t' to 'int', possible loss of data (compiling source file src\vision.cpp)
C:\Users\k002480\Desktop\of_v0.9.8_vs_release\libs\openFrameworks\math\ofMatrix4x4.h(972): warning C4267: 'argument': conversion from 'size_t' to 'int', possible loss of data (compiling source file src\vision.cpp)
     Creating library bin\opencvExample.lib and object bin\opencvExample.exp
  LINK : /LTCG specified but no code generation required; remove /LTCG from the link command line to improve linker performance
  opencvExample.vcxproj -> C:\Users\k002480\Desktop\of_v0.9.8_vs_release\apps\FIAT\areaBreak\bin\opencvExample.exe
  
  	                   9	C:\Users\k002480\Desktop\of_v0.9.8_vs_release\export\vs\x64\
  	  *File supplementare 		 1266176	C:\Users\k002480\Desktop\of_v0.9.8_vs_release\apps\FIAT\areaBreak\bin\fmodex.dll
  	  *File supplementare 		 1312768	C:\Users\k002480\Desktop\of_v0.9.8_vs_release\apps\FIAT\areaBreak\bin\fmodexL.dll
